[2021-01-10 17:53:26] app.ERROR: Data from PrestaShop Addons is invalid, and cannot fallback on cache.  {"exception":"cURL error 28: Operation timed out after 5001 milliseconds with 355772 bytes received"} []
[2021-01-10 17:53:28] app.INFO: Protect vendor folder in module contactform [] []
[2021-01-10 17:53:28] app.INFO: Module contactform has no vendor folder [] []
[2021-01-10 17:53:30] app.INFO: Protect vendor folder in module dashactivity [] []
[2021-01-10 17:53:30] app.INFO: Module dashactivity has no vendor folder [] []
[2021-01-10 17:53:31] app.INFO: Protect vendor folder in module dashgoals [] []
[2021-01-10 17:53:31] app.INFO: Module dashgoals has no vendor folder [] []
[2021-01-10 17:53:32] app.INFO: Protect vendor folder in module dashproducts [] []
[2021-01-10 17:53:32] app.INFO: Module dashproducts has no vendor folder [] []
[2021-01-10 17:53:33] app.INFO: Protect vendor folder in module dashtrends [] []
[2021-01-10 17:53:33] app.INFO: Module dashtrends has no vendor folder [] []
[2021-01-10 17:53:33] app.INFO: Protect vendor folder in module graphnvd3 [] []
[2021-01-10 17:53:33] app.INFO: Module graphnvd3 has no vendor folder [] []
[2021-01-10 17:53:34] app.INFO: Protect vendor folder in module gridhtml [] []
[2021-01-10 17:53:34] app.INFO: Module gridhtml has no vendor folder [] []
[2021-01-10 17:53:34] app.INFO: Protect vendor folder in module gsitemap [] []
[2021-01-10 17:53:34] app.INFO: Module gsitemap has no vendor folder [] []
[2021-01-10 17:53:36] app.INFO: Protect vendor folder in module pagesnotfound [] []
[2021-01-10 17:53:36] app.INFO: Module pagesnotfound has no vendor folder [] []
[2021-01-10 17:53:38] app.INFO: Protect vendor folder in module productcomments [] []
[2021-01-10 17:53:38] app.INFO: Module productcomments has no vendor folder [] []
[2021-01-10 17:53:41] app.INFO: Protect vendor folder in module ps_banner [] []
[2021-01-10 17:53:41] app.INFO: Module ps_banner has no vendor folder [] []
[2021-01-10 17:53:41] app.INFO: Protect vendor folder in module ps_categorytree [] []
[2021-01-10 17:53:41] app.INFO: Module ps_categorytree has no vendor folder [] []
[2021-01-10 17:53:43] app.INFO: Protect vendor folder in module ps_checkpayment [] []
[2021-01-10 17:53:43] app.INFO: Module ps_checkpayment has no vendor folder [] []
[2021-01-10 17:53:44] app.INFO: Protect vendor folder in module ps_contactinfo [] []
[2021-01-10 17:53:44] app.INFO: Module ps_contactinfo has no vendor folder [] []
[2021-01-10 17:53:44] app.INFO: Protect vendor folder in module ps_crossselling [] []
[2021-01-10 17:53:44] app.INFO: Module ps_crossselling has no vendor folder [] []
[2021-01-10 17:53:44] app.INFO: Protect vendor folder in module ps_currencyselector [] []
[2021-01-10 17:53:44] app.INFO: Module ps_currencyselector has no vendor folder [] []
[2021-01-10 17:53:45] app.INFO: Protect vendor folder in module ps_customeraccountlinks [] []
[2021-01-10 17:53:45] app.INFO: Module ps_customeraccountlinks has no vendor folder [] []
[2021-01-10 17:53:45] app.INFO: Protect vendor folder in module ps_customersignin [] []
[2021-01-10 17:53:45] app.INFO: Module ps_customersignin has no vendor folder [] []
[2021-01-10 17:53:46] app.INFO: Protect vendor folder in module ps_customtext [] []
[2021-01-10 17:53:46] app.INFO: Module ps_customtext has no vendor folder [] []
[2021-01-10 17:53:47] app.INFO: Protect vendor folder in module ps_dataprivacy [] []
[2021-01-10 17:53:47] app.INFO: Module ps_dataprivacy has no vendor folder [] []
[2021-01-10 17:53:48] app.INFO: Protect vendor folder in module ps_emailsubscription [] []
[2021-01-10 17:53:48] app.INFO: Module ps_emailsubscription has no vendor folder [] []
[2021-01-10 17:53:56] app.INFO: Protect vendor folder in module ps_facetedsearch [] []
[2021-01-10 17:53:56] app.INFO: Module ps_facetedsearch has no vendor folder [] []
[2021-01-10 17:53:58] app.INFO: Protect vendor folder in module ps_faviconnotificationbo [] []
[2021-01-10 17:53:58] app.INFO: Module ps_faviconnotificationbo has no vendor folder [] []
[2021-01-10 17:53:59] app.INFO: Protect vendor folder in module ps_featuredproducts [] []
[2021-01-10 17:53:59] app.INFO: Module ps_featuredproducts has no vendor folder [] []
[2021-01-10 17:54:02] app.INFO: Protect vendor folder in module ps_imageslider [] []
[2021-01-10 17:54:02] app.INFO: Module ps_imageslider has no vendor folder [] []
[2021-01-10 17:54:03] app.INFO: Protect vendor folder in module ps_languageselector [] []
[2021-01-10 17:54:03] app.INFO: Module ps_languageselector has no vendor folder [] []
[2021-01-10 17:54:05] app.INFO: Protect vendor folder in module ps_linklist [] []
[2021-01-10 17:54:05] app.INFO: Module ps_linklist has no vendor folder [] []
[2021-01-10 17:54:05] app.ERROR: Cannot register tab "AdminLinkWidget" because it already exists [] []
[2021-01-10 17:54:07] app.INFO: Protect vendor folder in module ps_mainmenu [] []
[2021-01-10 17:54:07] app.INFO: Module ps_mainmenu has no vendor folder [] []
[2021-01-10 17:54:07] app.INFO: Protect vendor folder in module ps_searchbar [] []
[2021-01-10 17:54:07] app.INFO: Module ps_searchbar has no vendor folder [] []
[2021-01-10 17:54:08] app.INFO: Protect vendor folder in module ps_sharebuttons [] []
[2021-01-10 17:54:08] app.INFO: Module ps_sharebuttons has no vendor folder [] []
[2021-01-10 17:54:09] app.INFO: Protect vendor folder in module ps_shoppingcart [] []
[2021-01-10 17:54:09] app.INFO: Module ps_shoppingcart has no vendor folder [] []
[2021-01-10 17:54:09] app.INFO: Protect vendor folder in module ps_socialfollow [] []
[2021-01-10 17:54:09] app.INFO: Module ps_socialfollow has no vendor folder [] []
[2021-01-10 17:54:11] app.INFO: Protect vendor folder in module ps_themecusto [] []
[2021-01-10 17:54:11] app.INFO: Module ps_themecusto has no vendor folder [] []
[2021-01-10 17:54:12] app.INFO: Protect vendor folder in module ps_wirepayment [] []
[2021-01-10 17:54:13] app.INFO: Module ps_wirepayment has no vendor folder [] []
[2021-01-10 17:54:13] app.INFO: Protect vendor folder in module sekeywords [] []
[2021-01-10 17:54:13] app.INFO: Module sekeywords has no vendor folder [] []
[2021-01-10 17:54:13] app.INFO: Protect vendor folder in module statsbestcategories [] []
[2021-01-10 17:54:13] app.INFO: Module statsbestcategories has no vendor folder [] []
[2021-01-10 17:54:14] app.INFO: Protect vendor folder in module statsbestcustomers [] []
[2021-01-10 17:54:14] app.INFO: Module statsbestcustomers has no vendor folder [] []
[2021-01-10 17:54:14] app.INFO: Protect vendor folder in module statsbestproducts [] []
[2021-01-10 17:54:14] app.INFO: Module statsbestproducts has no vendor folder [] []
[2021-01-10 17:54:14] app.INFO: Protect vendor folder in module statsbestsuppliers [] []
[2021-01-10 17:54:14] app.INFO: Module statsbestsuppliers has no vendor folder [] []
[2021-01-10 17:54:15] app.INFO: Protect vendor folder in module statsbestvouchers [] []
[2021-01-10 17:54:15] app.INFO: Module statsbestvouchers has no vendor folder [] []
[2021-01-10 17:54:15] app.INFO: Protect vendor folder in module statscarrier [] []
[2021-01-10 17:54:15] app.INFO: Module statscarrier has no vendor folder [] []
[2021-01-10 17:54:15] app.INFO: Protect vendor folder in module statscatalog [] []
[2021-01-10 17:54:15] app.INFO: Module statscatalog has no vendor folder [] []
[2021-01-10 17:54:16] app.INFO: Protect vendor folder in module statscheckup [] []
[2021-01-10 17:54:16] app.INFO: Module statscheckup has no vendor folder [] []
[2021-01-10 17:54:16] app.INFO: Protect vendor folder in module statsdata [] []
[2021-01-10 17:54:16] app.INFO: Module statsdata has no vendor folder [] []
[2021-01-10 17:54:17] app.INFO: Protect vendor folder in module statsequipment [] []
[2021-01-10 17:54:17] app.INFO: Module statsequipment has no vendor folder [] []
[2021-01-10 17:54:17] app.INFO: Protect vendor folder in module statsforecast [] []
[2021-01-10 17:54:17] app.INFO: Module statsforecast has no vendor folder [] []
[2021-01-10 17:54:17] app.INFO: Protect vendor folder in module statslive [] []
[2021-01-10 17:54:17] app.INFO: Module statslive has no vendor folder [] []
[2021-01-10 17:54:18] app.INFO: Protect vendor folder in module statsnewsletter [] []
[2021-01-10 17:54:18] app.INFO: Module statsnewsletter has no vendor folder [] []
[2021-01-10 17:54:18] app.INFO: Protect vendor folder in module statsorigin [] []
[2021-01-10 17:54:18] app.INFO: Module statsorigin has no vendor folder [] []
[2021-01-10 17:54:18] app.INFO: Protect vendor folder in module statspersonalinfos [] []
[2021-01-10 17:54:18] app.INFO: Module statspersonalinfos has no vendor folder [] []
[2021-01-10 17:54:19] app.INFO: Protect vendor folder in module statsproduct [] []
[2021-01-10 17:54:19] app.INFO: Module statsproduct has no vendor folder [] []
[2021-01-10 17:54:19] app.INFO: Protect vendor folder in module statsregistrations [] []
[2021-01-10 17:54:19] app.INFO: Module statsregistrations has no vendor folder [] []
[2021-01-10 17:54:19] app.INFO: Protect vendor folder in module statssales [] []
[2021-01-10 17:54:19] app.INFO: Module statssales has no vendor folder [] []
[2021-01-10 17:54:20] app.INFO: Protect vendor folder in module statssearch [] []
[2021-01-10 17:54:20] app.INFO: Module statssearch has no vendor folder [] []
[2021-01-10 17:54:20] app.INFO: Protect vendor folder in module statsstock [] []
[2021-01-10 17:54:20] app.INFO: Module statsstock has no vendor folder [] []
[2021-01-10 17:54:21] app.INFO: Protect vendor folder in module statsvisits [] []
[2021-01-10 17:54:21] app.INFO: Module statsvisits has no vendor folder [] []
[2021-01-10 17:54:22] app.INFO: Protect vendor folder in module welcome [] []
[2021-01-10 17:54:22] app.INFO: Module welcome has no vendor folder [] []
[2021-01-10 17:54:31] app.INFO: Exporting mail with theme modern for language Indonesia (Indonesia) [] []
[2021-01-10 17:54:31] app.INFO: Core output folder: C:\xampp\htdocs\umaracing/mails [] []
[2021-01-10 17:54:31] app.INFO: Modules output folder: C:\xampp\htdocs\umaracing/modules/ [] []
[2021-01-10 20:03:16] request.INFO: Matched route "admin_module_catalog_refresh". {"route":"admin_module_catalog_refresh","route_parameters":{"category":null,"keyword":null,"_controller":"PrestaShopBundle\\Controller\\Admin\\Improve\\ModuleController::refreshCatalogAction","_legacy_controller":"AdminModulesCatalog","_legacy_link":"AdminModulesCatalog:refresh","_route":"admin_module_catalog_refresh"},"request_uri":"http://localhost/umaracing/adminpanel/index.php/improve/modules/catalog/refresh?_token=ESFH8R6-6k3gWxRUiXANXOi4a1yx0galBBKwU-IyqeE","method":"GET"} []
[2021-01-10 20:03:17] security.DEBUG: Read existing security token from the session. {"key":"_security_main","token_class":"Symfony\\Component\\Security\\Core\\Authentication\\Token\\UsernamePasswordToken"} []
[2021-01-10 20:03:17] security.DEBUG: User was reloaded from a user provider. {"provider":"PrestaShopBundle\\Security\\Admin\\EmployeeProvider","username":"irsyadi.sayid879@gmail.com"} []
[2021-01-10 20:03:23] app.ERROR: Data from PrestaShop Addons is invalid, and cannot fallback on cache.  {"exception":"cURL error 28: Operation timed out after 5014 milliseconds with 470451 bytes received"} []
[2021-01-10 20:03:25] security.DEBUG: Stored the security token in the session. {"key":"_security_main"} []
